0 info it worked if it ends with ok
1 verbose cli [ '/usr/bin/node', '/usr/bin/npm', 'install', 'whiskers' ]
2 info using npm@1.3.11
3 info using node@v0.10.21
4 verbose cache add [ 'whiskers', null ]
5 verbose cache add name=undefined spec="whiskers" args=["whiskers",null]
6 verbose parsed url { protocol: null,
6 verbose parsed url   slashes: null,
6 verbose parsed url   auth: null,
6 verbose parsed url   host: null,
6 verbose parsed url   port: null,
6 verbose parsed url   hostname: null,
6 verbose parsed url   hash: null,
6 verbose parsed url   search: null,
6 verbose parsed url   query: null,
6 verbose parsed url   pathname: 'whiskers',
6 verbose parsed url   path: 'whiskers',
6 verbose parsed url   href: 'whiskers' }
7 silly lockFile fea80b71-whiskers whiskers
8 verbose lock whiskers /home/pradyus/.npm/fea80b71-whiskers.lock
9 silly lockFile fea80b71-whiskers whiskers
10 silly lockFile fea80b71-whiskers whiskers
11 verbose addNamed [ 'whiskers', '' ]
12 verbose addNamed [ null, '*' ]
13 silly lockFile 97b45971-whiskers whiskers@
14 verbose lock whiskers@ /home/pradyus/.npm/97b45971-whiskers.lock
15 silly addNameRange { name: 'whiskers', range: '*', hasData: false }
16 verbose url raw whiskers
17 verbose url resolving [ 'https://registry.npmjs.org/', './whiskers' ]
18 verbose url resolved https://registry.npmjs.org/whiskers
19 info trying registry request attempt 1 at 20:54:41
20 http GET https://registry.npmjs.org/whiskers
21 info retry will retry, error on last attempt: Error: UNABLE_TO_VERIFY_LEAF_SIGNATURE
22 info trying registry request attempt 2 at 20:54:54
23 http GET https://registry.npmjs.org/whiskers
24 info retry will retry, error on last attempt: Error: UNABLE_TO_VERIFY_LEAF_SIGNATURE
25 info trying registry request attempt 3 at 20:55:55
26 http GET https://registry.npmjs.org/whiskers
27 silly lockFile 97b45971-whiskers whiskers@
28 silly lockFile 97b45971-whiskers whiskers@
29 error Error: UNABLE_TO_VERIFY_LEAF_SIGNATURE
29 error     at SecurePair.<anonymous> (tls.js:1356:32)
29 error     at SecurePair.EventEmitter.emit (events.js:92:17)
29 error     at SecurePair.maybeInitFinished (tls.js:968:10)
29 error     at CleartextStream.read [as _read] (tls.js:462:15)
29 error     at CleartextStream.Readable.read (_stream_readable.js:320:10)
29 error     at EncryptedStream.write [as _write] (tls.js:366:25)
29 error     at doWrite (_stream_writable.js:221:10)
29 error     at writeOrBuffer (_stream_writable.js:211:5)
29 error     at EncryptedStream.Writable.write (_stream_writable.js:180:11)
29 error     at write (_stream_readable.js:583:24)
30 error If you need help, you may report this log at:
30 error     <http://github.com/isaacs/npm/issues>
30 error or email it to:
30 error     <npm-@googlegroups.com>
31 error System Linux 3.11.0-sabayon
32 error command "/usr/bin/node" "/usr/bin/npm" "install" "whiskers"
33 error cwd /home/pradyus/code/misc/node/misc
34 error node -v v0.10.21
35 error npm -v 1.3.11
36 verbose exit [ 1, true ]
